[2015-03-08 12:18:28] START
[2015-03-10 14:26:00] EDIT SLOYD/views/default/index.html: 9
[2015-03-10 14:27:01] EDIT SLOYD/views/default/index.html: 0
[2015-03-10 14:28:03] EDIT SLOYD/modules/haikumake.py: 0
[2015-03-10 14:30:11] EDIT SLOYD/modules/haikumake.py: 0
[2015-03-10 14:31:25] EDIT SLOYD/modules/haikumake.py: 1
[2015-03-10 14:31:43] EDIT SLOYD/modules/haikumake.py: 0
[2015-03-10 14:31:46] EDIT SLOYD/modules/haikumake.py: 0
[2015-03-10 14:31:52] EDIT SLOYD/modules/haikumake.py: 0
[2015-03-10 14:31:55] EDIT SLOYD/modules/haikumake.py: 0
[2015-03-10 14:31:55] EDIT SLOYD/modules/haikumake.py: 0
[2015-03-10 14:31:56] EDIT SLOYD/modules/haikumake.py: 0
[2015-03-10 14:32:08] EDIT SLOYD/modules/haikumake.py: 0
[2015-03-10 14:32:22] EDIT SLOYD/modules/haikumake.py: 0
[2015-03-10 14:32:32] EDIT SLOYD/modules/haikumake.py: 0
[2015-03-10 14:33:04] EDIT SLOYD/modules/haikumake.py: 0
[2015-03-10 14:33:12] EDIT SLOYD/modules/haikumake.py: 0
[2015-03-10 14:33:16] EDIT SLOYD/modules/haikumake.py: 0
[2015-03-10 14:33:20] EDIT SLOYD/modules/haikumake.py: 0
[2015-03-10 14:33:23] EDIT SLOYD/modules/haikumake.py: 0
[2015-03-10 14:36:17] EDIT SLOYD/controllers/default.py: 0
[2015-03-10 14:37:52] EDIT SLOYD/views/default/index.html: 2
[2015-03-10 14:38:49] EDIT SLOYD/views/default/index.html: 0
[2015-03-10 14:39:20] EDIT SLOYD/views/default/index.html: 0
[2015-03-10 14:40:38] EDIT SLOYD/views/default/index.html: 0
[2015-03-10 14:41:43] EDIT SLOYD/views/default/index.html: 0
[2015-03-10 14:42:25] EDIT SLOYD/controllers/default.py: 0
[2015-03-10 14:55:47] EDIT SLOYD/views/default/index.html: 0
[2015-03-10 14:55:55] EDIT SLOYD/views/default/index.html: -1
[2015-03-10 14:56:02] EDIT SLOYD/views/default/index.html: -1
[2015-03-10 14:56:05] EDIT SLOYD/views/default/index.html: 1
[2015-03-10 14:56:16] EDIT SLOYD/views/default/index.html: -11
[2015-03-10 14:56:19] EDIT SLOYD/views/default/index.html: 11
[2015-03-10 14:56:26] EDIT SLOYD/views/default/index.html: 1
[2015-03-10 15:03:08] EDIT SLOYD/controllers/default.py: 0
[2015-03-10 15:05:22] EDIT SLOYD/views/default/index.html: 0
[2015-03-10 15:05:58] EDIT SLOYD/views/default/index.html: 0
[2015-03-10 15:06:08] EDIT SLOYD/views/default/index.html: 0
[2015-03-10 15:06:18] EDIT SLOYD/views/default/index.html: 0
[2015-03-10 15:09:19] EDIT SLOYD/views/default/index.html: 1
[2015-03-10 15:09:25] EDIT SLOYD/views/default/index.html: -1
[2015-03-10 15:09:38] EDIT SLOYD/views/default/index.html: 0
[2015-03-10 15:09:52] EDIT SLOYD/views/default/index.html: 0
[2015-03-10 15:09:59] EDIT SLOYD/views/default/index.html: -1
[2015-03-13 01:27:58] EDIT Project_Slojd_web2py/modules/HaikuMod.py: 1
[2015-03-13 01:28:13] EDIT Project_Slojd_web2py/modules/HaikuMod.py: 0
[2015-03-13 01:29:44] EDIT Project_Slojd_web2py/modules/HaikuMod.py: 0
[2015-03-13 01:30:02] EDIT Project_Slojd_web2py/modules/HaikuMod.py: 0
[2015-03-13 01:30:25] EDIT Project_Slojd_web2py/modules/HaikuMod.py: 1
[2015-03-13 01:30:30] EDIT Project_Slojd_web2py/modules/HaikuMod.py: 0
[2015-03-13 01:31:07] EDIT Project_Slojd_web2py/modules/HaikuMod.py: -2
[2015-03-13 01:34:51] EDIT Project_Slojd_web2py/modules/HaikuMod.py: 1
[2015-03-13 01:34:58] EDIT Project_Slojd_web2py/modules/HaikuMod.py: 0
[2015-03-13 01:35:51] EDIT Project_Slojd_web2py/modules/HaikuMod.py: 0
[2015-03-13 01:35:56] EDIT Project_Slojd_web2py/modules/HaikuMod.py: 0
[2015-03-13 01:36:02] EDIT Project_Slojd_web2py/modules/HaikuMod.py: 0
[2015-03-13 01:36:20] EDIT Project_Slojd_web2py/modules/HaikuMod.py: 1
[2015-03-13 01:36:28] EDIT Project_Slojd_web2py/modules/HaikuMod.py: 0
[2015-03-13 01:41:42] EDIT Project_Slojd_web2py/modules/HaikuMod.py: 0
[2015-03-13 01:42:33] EDIT Project_Slojd_web2py/modules/HaikuMod.py: 0
[2015-03-13 01:42:46] EDIT Project_Slojd_web2py/modules/HaikuMod.py: 0
[2015-03-13 01:44:37] EDIT Project_Slojd_web2py/modules/HaikuMod.py: 4
[2015-03-13 01:44:59] EDIT Project_Slojd_web2py/modules/HaikuMod.py: 0
[2015-03-13 01:45:04] EDIT Project_Slojd_web2py/modules/HaikuMod.py: 0
[2015-03-13 01:46:59] EDIT Project_Slojd_web2py/modules/HaikuMod.py: -6
[2015-03-13 01:48:26] EDIT Project_Slojd_web2py/modules/HaikuMod.py: 0
[2015-03-13 01:49:31] EDIT Project_Slojd_web2py/modules/HaikuMod.py: 0
[2015-03-13 01:50:28] EDIT Project_Slojd_web2py/modules/HaikuMod.py: 0
[2015-03-13 01:55:06] EDIT Project_Slojd_web2py/modules/HaikuMod.py: 0
[2015-03-13 01:55:18] EDIT Project_Slojd_web2py/modules/HaikuMod.py: 0
[2015-03-13 01:56:12] EDIT Project_Slojd_web2py/modules/HaikuMod.py: 3
[2015-03-13 01:56:44] EDIT Project_Slojd_web2py/modules/HaikuMod.py: -1
[2015-03-13 01:56:53] EDIT Project_Slojd_web2py/modules/HaikuMod.py: 0
